Using pre-set license
Built from '2020.3/staging' branch; Version is '2020.3.11f1 (99c7afb366b3) revision 10078127'; Using compiler version '192528614'; Build Type 'Release'
OS: 'Windows 10 Pro; OS build 16299.248; Version 1709; 64bit' Language: 'ru' Physical Memory: 8052 MB
BatchMode: 1, IsHumanControllingUs: 0, StartBugReporterOnCrash: 0, Is64bit: 1, IsPro: 0

 COMMAND LINE ARGUMENTS:
C:\Program Files\Unity\Hub\Editor\2020.3.11f1\Editor\Unity.exe
-adb2
-batchMode
-noUpm
-name
AssetImportWorker0
-projectPath
D:/UnityProjects/Excitebike
-logFile
Logs/AssetImportWorker0.log
-srvPort
63006
Successfully changed project path to: D:/UnityProjects/Excitebike
D:/UnityProjects/Excitebike
Using Asset Import Pipeline V2.
Refreshing native plugins compatible for Editor in 114.38 ms, found 3 plugins.
Preloading 0 native plugins for Editor in 0.00 ms.
Initialize engine version: 2020.3.11f1 (99c7afb366b3)
[Subsystems] Discovering subsystems at path C:/Program Files/Unity/Hub/Editor/2020.3.11f1/Editor/Data/Resources/UnitySubsystems
[Subsystems] Discovering subsystems at path D:/UnityProjects/Excitebike/Assets
GfxDevice: creating device client; threaded=0
Direct3D:
    Version:  Direct3D 11.0 [level 10.1]
    Renderer: NVIDIA GeForce 310M             (ID=0xa75)
    Vendor:   
    VRAM:     459 MB
    Driver:   21.21.13.4201
Could not load symbol clCreateImage : Не найдена указанная процедура.


Could not load symbol clEnqueueFillBuffer : Не найдена указанная процедура.


Could not load symbol clEnqueueFillImage : Не найдена указанная процедура.


Could not load symbol clEnqueueMarkerWithWaitList : Не найдена указанная процедура.


Could not load symbol clGetExtensionFunctionAddressForPlatform : Не найдена указанная процедура.


Could not load symbol clUnloadPlatformCompiler : Не найдена указанная процедура.


Could not load symbol clCreateFromGLTexture : Не найдена указанная процедура.


Initialize mono
Mono path[0] = 'C:/Program Files/Unity/Hub/Editor/2020.3.11f1/Editor/Data/Managed'
Mono path[1] = 'C:/Program Files/Unity/Hub/Editor/2020.3.11f1/Editor/Data/MonoBleedingEdge/lib/mono/unityjit'
Mono config path = 'C:/Program Files/Unity/Hub/Editor/2020.3.11f1/Editor/Data/MonoBleedingEdge/etc'
Using monoOptions --debugger-agent=transport=dt_socket,embedding=1,server=y,suspend=n,address=127.0.0.1:56688
Begin MonoManager ReloadAssembly
Registering precompiled unity dll's ...
Register platform support module: C:/Program Files/Unity/Hub/Editor/2020.3.11f1/Editor/Data/PlaybackEngines/WindowsStandaloneSupport/UnityEditor.WindowsStandalone.Extensions.dll
Registered in 0.003445 seconds.
Native extension for WindowsStandalone target not found
Refreshing native plugins compatible for Editor in 154.76 ms, found 3 plugins.
Preloading 0 native plugins for Editor in 0.00 ms.
Mono: successfully reloaded assembly
- Completed reload, in  4.095 seconds
Platform modules already initialized, skipping
Registering precompiled user dll's ...
Registered in 0.042363 seconds.
Begin MonoManager ReloadAssembly
Native extension for WindowsStandalone target not found
Refreshing native plugins compatible for Editor in 160.35 ms, found 3 plugins.
Preloading 0 native plugins for Editor in 0.00 ms.
log4net:ERROR Exception while reading ConfigurationSettings. Check your .config file is well formed XML.
System.Reflection.TargetInvocationException: Exception has been thrown by the target of an invocation. ---> System.TypeInitializationException: The type initializer for 'System.Configuration.AppSettingsSection' threw an exception. ---> System.TypeInitializationException: The type initializer for 'System.ComponentModel.TypeDescriptor' threw an exception. ---> System.NullReferenceException: Object reference not set to an instance of an object
  at System.Guid.NewGuid () [0x00029] in <695d1cc93cca45069c528c15c9fdd749>:0 
  at System.ComponentModel.TypeDescriptor..cctor () [0x00034] in <aa976c2104104b7ca9e1785715722c9d>:0 
   --- End of inner exception stack trace ---
  at System.Configuration.ConfigurationProperty..ctor (System.String name, System.Type type, System.Object defaultValue, System.Configuration.ConfigurationPropertyOptions options) [0x00000] in <69ae0fc844ec4885bfe71bd6af3dae67>:0 
  at System.Diagnostics.AssertSection..cctor () [0x00000] in <aa976c2104104b7ca9e1785715722c9d>:0 
   --- End of inner exception stack trace ---
  at (wrapper managed-to-native) System.Reflection.MonoCMethod.InternalInvoke(System.Reflection.MonoCMethod,object,object[],System.Exception&)
  at System.Reflection.MonoCMethod.InternalInvoke (System.Object obj, System.Object[] parameters) [0x00002] in <695d1cc93cca45069c528c15c9fdd749>:0 
   --- End of inner exception stack trace ---
  at System.Reflection.MonoCMethod.InternalInvoke (System.Object obj, System.Object[] parameters) [0x00014] in <695d1cc93cca45069c528c15c9fdd749>:0 
  at System.RuntimeType.CreateInstanceMono (System.Boolean nonPublic) [0x000a8] in <695d1cc93cca45069c528c15c9fdd749>:0 
  at System.RuntimeType.CreateInstanceSlow (System.Boolean publicOnly, System.Boolean skipCheckThis, System.Boolean fillCache, System.Threading.StackCrawlMark& stackMark) [0x00009] in <695d1cc93cca45069c528c15c9fdd749>:0 
  at System.RuntimeType.CreateInstanceDefaultCtor (System.Boolean publicOnly, System.Boolean skipCheckThis, System.Boolean fillCache, System.Threading.StackCrawlMark& stackMark) [0x00027] in <695d1cc93cca45069c528c15c9fdd749>:0 
  at System.Activator.CreateInstance (System.Type type, System.Boolean nonPublic) [0x00020] in <695d1cc93cca45069c528c15c9fdd749>:0 
  at System.Configuration.ConfigInfo.CreateInstance () [0x00026] in <69ae0fc844ec4885bfe71bd6af3dae67>:0 
  at System.Configuration.SectionInfo.CreateInstance () [0x00000] in <69ae0fc844ec4885bfe71bd6af3dae67>:0 
  at System.Configuration.Configuration.GetSectionInstance (System.Configuration.SectionInfo config, System.Boolean createDefaultInstance) [0x0001c] in <69ae0fc844ec4885bfe71bd6af3dae67>:0 
  at System.Configuration.ConfigurationSectionCollection.get_Item (System.String name) [0x0002c] in <69ae0fc844ec4885bfe71bd6af3dae67>:0 
  at System.Configuration.Configuration.GetSection (System.String sectionName) [0x0001e] in <69ae0fc844ec4885bfe71bd6af3dae67>:0 
  at System.Configuration.ClientConfigurationSystem.System.Configuration.Internal.IInternalConfigSystem.GetSection (System.String configKey) [0x00006] in <69ae0fc844ec4885bfe71bd6af3dae67>:0 
  at System.Configuration.ConfigurationManager.GetSection (System.String sectionName) [0x00005] in <69ae0fc844ec4885bfe71bd6af3dae67>:0 
  at System.Configuration.ConfigurationManager.get_AppSettings () [0x00000] in <69ae0fc844ec4885bfe71bd6af3dae67>:0 
  at log4net.Util.SystemInfo.GetAppSetting (System.String key) [0x00002] in <e1a77b5dfa0c4a1f8ba616c017f5e0b8>:0 
log4net:ERROR Exception while reading ConfigurationSettings. Check your .config file is well formed XML.
System.Reflection.TargetInvocationException: Exception has been thrown by the target of an invocation. ---> System.TypeInitializationException: The type initializer for 'System.Configuration.AppSettingsSection' threw an exception. ---> System.TypeInitializationException: The type initializer for 'System.ComponentModel.TypeDescriptor' threw an exception. ---> System.NullReferenceException: Object reference not set to an instance of an object
  at System.Guid.NewGuid () [0x00029] in <695d1cc93cca45069c528c15c9fdd749>:0 
  at System.ComponentModel.TypeDescriptor..cctor () [0x00034] in <aa976c2104104b7ca9e1785715722c9d>:0 
   --- End of inner exception stack trace ---
  at System.Configuration.ConfigurationProperty..ctor (System.String name, System.Type type, System.Object defaultValue, System.Configuration.ConfigurationPropertyOptions options) [0x00000] in <69ae0fc844ec4885bfe71bd6af3dae67>:0 
  at System.Diagnostics.AssertSection..cctor () [0x00000] in <aa976c2104104b7ca9e1785715722c9d>:0 
   --- End of inner exception stack trace ---
  at (wrapper managed-to-native) System.Reflection.MonoCMethod.InternalInvoke(System.Reflection.MonoCMethod,object,object[],System.Exception&)
  at System.Reflection.MonoCMethod.InternalInvoke (System.Object obj, System.Object[] parameters) [0x00002] in <695d1cc93cca45069c528c15c9fdd749>:0 
   --- End of inner exception stack trace ---
  at System.Reflection.MonoCMethod.InternalInvoke (System.Object obj, System.Object[] parameters) [0x00014] in <695d1cc93cca45069c528c15c9fdd749>:0 
  at System.RuntimeType.CreateInstanceMono (System.Boolean nonPublic) [0x000a8] in <695d1cc93cca45069c528c15c9fdd749>:0 
  at System.RuntimeType.CreateInstanceSlow (System.Boolean publicOnly, System.Boolean skipCheckThis, System.Boolean fillCache, System.Threading.StackCrawlMark& stackMark) [0x00009] in <695d1cc93cca45069c528c15c9fdd749>:0 
  at System.RuntimeType.CreateInstanceDefaultCtor (System.Boolean publicOnly, System.Boolean skipCheckThis, System.Boolean fillCache, System.Threading.StackCrawlMark& stackMark) [0x00027] in <695d1cc93cca45069c528c15c9fdd749>:0 
  at System.Activator.CreateInstance (System.Type type, System.Boolean nonPublic) [0x00020] in <695d1cc93cca45069c528c15c9fdd749>:0 
  at System.Configuration.ConfigInfo.CreateInstance () [0x00026] in <69ae0fc844ec4885bfe71bd6af3dae67>:0 
  at System.Configuration.SectionInfo.CreateInstance () [0x00000] in <69ae0fc844ec4885bfe71bd6af3dae67>:0 
  at System.Configuration.Configuration.GetSectionInstance (System.Configuration.SectionInfo config, System.Boolean createDefaultInstance) [0x0001c] in <69ae0fc844ec4885bfe71bd6af3dae67>:0 
  at System.Configuration.ConfigurationSectionCollection.get_Item (System.String name) [0x0002c] in <69ae0fc844ec4885bfe71bd6af3dae67>:0 
  at System.Configuration.Configuration.GetSection (System.String sectionName) [0x0001e] in <69ae0fc844ec4885bfe71bd6af3dae67>:0 
  at System.Configuration.ClientConfigurationSystem.System.Configuration.Internal.IInternalConfigSystem.GetSection (System.String configKey) [0x00006] in <69ae0fc844ec4885bfe71bd6af3dae67>:0 
  at System.Configuration.ConfigurationManager.GetSection (System.String sectionName) [0x00005] in <69ae0fc844ec4885bfe71bd6af3dae67>:0 
  at System.Configuration.ConfigurationManager.get_AppSettings () [0x00000] in <69ae0fc844ec4885bfe71bd6af3dae67>:0 
  at log4net.Util.SystemInfo.GetAppSetting (System.String key) [0x00002] in <e1a77b5dfa0c4a1f8ba616c017f5e0b8>:0 
log4net:ERROR Exception while reading ConfigurationSettings. Check your .config file is well formed XML.
System.Reflection.TargetInvocationException: Exception has been thrown by the target of an invocation. ---> System.TypeInitializationException: The type initializer for 'System.Configuration.AppSettingsSection' threw an exception. ---> System.TypeInitializationException: The type initializer for 'System.ComponentModel.TypeDescriptor' threw an exception. ---> System.NullReferenceException: Object reference not set to an instance of an object
  at System.Guid.NewGuid () [0x00029] in <695d1cc93cca45069c528c15c9fdd749>:0 
  at System.ComponentModel.TypeDescriptor..cctor () [0x00034] in <aa976c2104104b7ca9e1785715722c9d>:0 
   --- End of inner exception stack trace ---
  at System.Configuration.ConfigurationProperty..ctor (System.String name, System.Type type, System.Object defaultValue, System.Configuration.ConfigurationPropertyOptions options) [0x00000] in <69ae0fc844ec4885bfe71bd6af3dae67>:0 
  at System.Diagnostics.AssertSection..cctor () [0x00000] in <aa976c2104104b7ca9e1785715722c9d>:0 
   --- End of inner exception stack trace ---
  at (wrapper managed-to-native) System.Reflection.MonoCMethod.InternalInvoke(System.Reflection.MonoCMethod,object,object[],System.Exception&)
  at System.Reflection.MonoCMethod.InternalInvoke (System.Object obj, System.Object[] parameters) [0x00002] in <695d1cc93cca45069c528c15c9fdd749>:0 
   --- End of inner exception stack trace ---
  at System.Reflection.MonoCMethod.InternalInvoke (System.Object obj, System.Object[] parameters) [0x00014] in <695d1cc93cca45069c528c15c9fdd749>:0 
  at System.RuntimeType.CreateInstanceMono (System.Boolean nonPublic) [0x000a8] in <695d1cc93cca45069c528c15c9fdd749>:0 
  at System.RuntimeType.CreateInstanceSlow (System.Boolean publicOnly, System.Boolean skipCheckThis, System.Boolean fillCache, System.Threading.StackCrawlMark& stackMark) [0x00009] in <695d1cc93cca45069c528c15c9fdd749>:0 
  at System.RuntimeType.CreateInstanceDefaultCtor (System.Boolean publicOnly, System.Boolean skipCheckThis, System.Boolean fillCache, System.Threading.StackCrawlMark& stackMark) [0x00027] in <695d1cc93cca45069c528c15c9fdd749>:0 
  at System.Activator.CreateInstance (System.Type type, System.Boolean nonPublic) [0x00020] in <695d1cc93cca45069c528c15c9fdd749>:0 
  at System.Configuration.ConfigInfo.CreateInstance () [0x00026] in <69ae0fc844ec4885bfe71bd6af3dae67>:0 
  at System.Configuration.SectionInfo.CreateInstance () [0x00000] in <69ae0fc844ec4885bfe71bd6af3dae67>:0 
  at System.Configuration.Configuration.GetSectionInstance (System.Configuration.SectionInfo config, System.Boolean createDefaultInstance) [0x0001c] in <69ae0fc844ec4885bfe71bd6af3dae67>:0 
  at System.Configuration.ConfigurationSectionCollection.get_Item (System.String name) [0x0002c] in <69ae0fc844ec4885bfe71bd6af3dae67>:0 
  at System.Configuration.Configuration.GetSection (System.String sectionName) [0x0001e] in <69ae0fc844ec4885bfe71bd6af3dae67>:0 
  at System.Configuration.ClientConfigurationSystem.System.Configuration.Internal.IInternalConfigSystem.GetSection (System.String configKey) [0x00006] in <69ae0fc844ec4885bfe71bd6af3dae67>:0 
  at System.Configuration.ConfigurationManager.GetSection (System.String sectionName) [0x00005] in <69ae0fc844ec4885bfe71bd6af3dae67>:0 
  at System.Configuration.ConfigurationManager.get_AppSettings () [0x00000] in <69ae0fc844ec4885bfe71bd6af3dae67>:0 
  at log4net.Util.SystemInfo.GetAppSetting (System.String key) [0x00002] in <e1a77b5dfa0c4a1f8ba616c017f5e0b8>:0 
log4net:ERROR Exception while reading ConfigurationSettings. Check your .config file is well formed XML.
System.Reflection.TargetInvocationException: Exception has been thrown by the target of an invocation. ---> System.TypeInitializationException: The type initializer for 'System.Configuration.AppSettingsSection' threw an exception. ---> System.TypeInitializationException: The type initializer for 'System.ComponentModel.TypeDescriptor' threw an exception. ---> System.NullReferenceException: Object reference not set to an instance of an object
  at System.Guid.NewGuid () [0x00029] in <695d1cc93cca45069c528c15c9fdd749>:0 
  at System.ComponentModel.TypeDescriptor..cctor () [0x00034] in <aa976c2104104b7ca9e1785715722c9d>:0 
   --- End of inner exception stack trace ---
  at System.Configuration.ConfigurationProperty..ctor (System.String name, System.Type type, System.Object defaultValue, System.Configuration.ConfigurationPropertyOptions options) [0x00000] in <69ae0fc844ec4885bfe71bd6af3dae67>:0 
  at System.Diagnostics.AssertSection..cctor () [0x00000] in <aa976c2104104b7ca9e1785715722c9d>:0 
   --- End of inner exception stack trace ---
  at (wrapper managed-to-native) System.Reflection.MonoCMethod.InternalInvoke(System.Reflection.MonoCMethod,object,object[],System.Exception&)
  at System.Reflection.MonoCMethod.InternalInvoke (System.Object obj, System.Object[] parameters) [0x00002] in <695d1cc93cca45069c528c15c9fdd749>:0 
   --- End of inner exception stack trace ---
  at System.Reflection.MonoCMethod.InternalInvoke (System.Object obj, System.Object[] parameters) [0x00014] in <695d1cc93cca45069c528c15c9fdd749>:0 
  at System.RuntimeType.CreateInstanceMono (System.Boolean nonPublic) [0x000a8] in <695d1cc93cca45069c528c15c9fdd749>:0 
  at System.RuntimeType.CreateInstanceSlow (System.Boolean publicOnly, System.Boolean skipCheckThis, System.Boolean fillCache, System.Threading.StackCrawlMark& stackMark) [0x00009] in <695d1cc93cca45069c528c15c9fdd749>:0 
  at System.RuntimeType.CreateInstanceDefaultCtor (System.Boolean publicOnly, System.Boolean skipCheckThis, System.Boolean fillCache, System.Threading.StackCrawlMark& stackMark) [0x00027] in <695d1cc93cca45069c528c15c9fdd749>:0 
  at System.Activator.CreateInstance (System.Type type, System.Boolean nonPublic) [0x00020] in <695d1cc93cca45069c528c15c9fdd749>:0 
  at System.Configuration.ConfigInfo.CreateInstance () [0x00026] in <69ae0fc844ec4885bfe71bd6af3dae67>:0 
  at System.Configuration.SectionInfo.CreateInstance () [0x00000] in <69ae0fc844ec4885bfe71bd6af3dae67>:0 
  at System.Configuration.Configuration.GetSectionInstance (System.Configuration.SectionInfo config, System.Boolean createDefaultInstance) [0x0001c] in <69ae0fc844ec4885bfe71bd6af3dae67>:0 
  at System.Configuration.ConfigurationSectionCollection.get_Item (System.String name) [0x0002c] in <69ae0fc844ec4885bfe71bd6af3dae67>:0 
  at System.Configuration.Configuration.GetSection (System.String sectionName) [0x0001e] in <69ae0fc844ec4885bfe71bd6af3dae67>:0 
  at System.Configuration.ClientConfigurationSystem.System.Configuration.Internal.IInternalConfigSystem.GetSection (System.String configKey) [0x00006] in <69ae0fc844ec4885bfe71bd6af3dae67>:0 
  at System.Configuration.ConfigurationManager.GetSection (System.String sectionName) [0x00005] in <69ae0fc844ec4885bfe71bd6af3dae67>:0 
  at System.Configuration.ConfigurationManager.get_AppSettings () [0x00000] in <69ae0fc844ec4885bfe71bd6af3dae67>:0 
  at log4net.Util.SystemInfo.GetAppSetting (System.String key) [0x00002] in <e1a77b5dfa0c4a1f8ba616c017f5e0b8>:0 
log4net:ERROR Exception while reading ConfigurationSettings. Check your .config file is well formed XML.
System.Reflection.TargetInvocationException: Exception has been thrown by the target of an invocation. ---> System.TypeInitializationException: The type initializer for 'System.Configuration.AppSettingsSection' threw an exception. ---> System.TypeInitializationException: The type initializer for 'System.ComponentModel.TypeDescriptor' threw an exception. ---> System.NullReferenceException: Object reference not set to an instance of an object
  at System.Guid.NewGuid () [0x00029] in <695d1cc93cca45069c528c15c9fdd749>:0 
  at System.ComponentModel.TypeDescriptor..cctor () [0x00034] in <aa976c2104104b7ca9e1785715722c9d>:0 
   --- End of inner exception stack trace ---
  at System.Configuration.ConfigurationProperty..ctor (System.String name, System.Type type, System.Object defaultValue, System.Configuration.ConfigurationPropertyOptions options) [0x00000] in <69ae0fc844ec4885bfe71bd6af3dae67>:0 
  at System.Diagnostics.AssertSection..cctor () [0x00000] in <aa976c2104104b7ca9e1785715722c9d>:0 
   --- End of inner exception stack trace ---
  at (wrapper managed-to-native) System.Reflection.MonoCMethod.InternalInvoke(System.Reflection.MonoCMethod,object,object[],System.Exception&)
  at System.Reflection.MonoCMethod.InternalInvoke (System.Object obj, System.Object[] parameters) [0x00002] in <695d1cc93cca45069c528c15c9fdd749>:0 
   --- End of inner exception stack trace ---
  at System.Reflection.MonoCMethod.InternalInvoke (System.Object obj, System.Object[] parameters) [0x00014] in <695d1cc93cca45069c528c15c9fdd749>:0 
  at System.RuntimeType.CreateInstanceMono (System.Boolean nonPublic) [0x000a8] in <695d1cc93cca45069c528c15c9fdd749>:0 
  at System.RuntimeType.CreateInstanceSlow (System.Boolean publicOnly, System.Boolean skipCheckThis, System.Boolean fillCache, System.Threading.StackCrawlMark& stackMark) [0x00009] in <695d1cc93cca45069c528c15c9fdd749>:0 
  at System.RuntimeType.CreateInstanceDefaultCtor (System.Boolean publicOnly, System.Boolean skipCheckThis, System.Boolean fillCache, System.Threading.StackCrawlMark& stackMark) [0x00027] in <695d1cc93cca45069c528c15c9fdd749>:0 
  at System.Activator.CreateInstance (System.Type type, System.Boolean nonPublic) [0x00020] in <695d1cc93cca45069c528c15c9fdd749>:0 
  at System.Configuration.ConfigInfo.CreateInstance () [0x00026] in <69ae0fc844ec4885bfe71bd6af3dae67>:0 
  at System.Configuration.SectionInfo.CreateInstance () [0x00000] in <69ae0fc844ec4885bfe71bd6af3dae67>:0 
  at System.Configuration.Configuration.GetSectionInstance (System.Configuration.SectionInfo config, System.Boolean createDefaultInstance) [0x0001c] in <69ae0fc844ec4885bfe71bd6af3dae67>:0 
  at System.Configuration.ConfigurationSectionCollection.get_Item (System.String name) [0x0002c] in <69ae0fc844ec4885bfe71bd6af3dae67>:0 
  at System.Configuration.Configuration.GetSection (System.String sectionName) [0x0001e] in <69ae0fc844ec4885bfe71bd6af3dae67>:0 
  at System.Configuration.ClientConfigurationSystem.System.Configuration.Internal.IInternalConfigSystem.GetSection (System.String configKey) [0x00006] in <69ae0fc844ec4885bfe71bd6af3dae67>:0 
  at System.Configuration.ConfigurationManager.GetSection (System.String sectionName) [0x00005] in <69ae0fc844ec4885bfe71bd6af3dae67>:0 
  at System.Configuration.ConfigurationManager.get_AppSettings () [0x00000] in <69ae0fc844ec4885bfe71bd6af3dae67>:0 
  at log4net.Util.SystemInfo.GetAppSetting (System.String key) [0x00002] in <e1a77b5dfa0c4a1f8ba616c017f5e0b8>:0 
log4net:ERROR Exception while reading ConfigurationSettings. Check your .config file is well formed XML.
System.Reflection.TargetInvocationException: Exception has been thrown by the target of an invocation. ---> System.TypeInitializationException: The type initializer for 'System.Configuration.AppSettingsSection' threw an exception. ---> System.TypeInitializationException: The type initializer for 'System.ComponentModel.TypeDescriptor' threw an exception. ---> System.NullReferenceException: Object reference not set to an instance of an object
  at System.Guid.NewGuid () [0x00029] in <695d1cc93cca45069c528c15c9fdd749>:0 
  at System.ComponentModel.TypeDescriptor..cctor () [0x00034] in <aa976c2104104b7ca9e1785715722c9d>:0 
   --- End of inner exception stack trace ---
  at System.Configuration.ConfigurationProperty..ctor (System.String name, System.Type type, System.Object defaultValue, System.Configuration.ConfigurationPropertyOptions options) [0x00000] in <69ae0fc844ec4885bfe71bd6af3dae67>:0 
  at System.Diagnostics.AssertSection..cctor () [0x00000] in <aa976c2104104b7ca9e1785715722c9d>:0 
   --- End of inner exception stack trace ---
  at (wrapper managed-to-native) System.Reflection.MonoCMethod.InternalInvoke(System.Reflection.MonoCMethod,object,object[],System.Exception&)
  at System.Reflection.MonoCMethod.InternalInvoke (System.Object obj, System.Object[] parameters) [0x00002] in <695d1cc93cca45069c528c15c9fdd749>:0 
   --- End of inner exception stack trace ---
  at System.Reflection.MonoCMethod.InternalInvoke (System.Object obj, System.Object[] parameters) [0x00014] in <695d1cc93cca45069c528c15c9fdd749>:0 
  at System.RuntimeType.CreateInstanceMono (System.Boolean nonPublic) [0x000a8] in <695d1cc93cca45069c528c15c9fdd749>:0 
  at System.RuntimeType.CreateInstanceSlow (System.Boolean publicOnly, System.Boolean skipCheckThis, System.Boolean fillCache, System.Threading.StackCrawlMark& stackMark) [0x00009] in <695d1cc93cca45069c528c15c9fdd749>:0 
  at System.RuntimeType.CreateInstanceDefaultCtor (System.Boolean publicOnly, System.Boolean skipCheckThis, System.Boolean fillCache, System.Threading.StackCrawlMark& stackMark) [0x00027] in <695d1cc93cca45069c528c15c9fdd749>:0 
  at System.Activator.CreateInstance (System.Type type, System.Boolean nonPublic) [0x00020] in <695d1cc93cca45069c528c15c9fdd749>:0 
  at System.Configuration.ConfigInfo.CreateInstance () [0x00026] in <69ae0fc844ec4885bfe71bd6af3dae67>:0 
  at System.Configuration.SectionInfo.CreateInstance () [0x00000] in <69ae0fc844ec4885bfe71bd6af3dae67>:0 
  at System.Configuration.Configuration.GetSectionInstance (System.Configuration.SectionInfo config, System.Boolean createDefaultInstance) [0x0001c] in <69ae0fc844ec4885bfe71bd6af3dae67>:0 
  at System.Configuration.ConfigurationSectionCollection.get_Item (System.String name) [0x0002c] in <69ae0fc844ec4885bfe71bd6af3dae67>:0 
  at System.Configuration.Configuration.GetSection (System.String sectionName) [0x0001e] in <69ae0fc844ec4885bfe71bd6af3dae67>:0 
  at System.Configuration.ClientConfigurationSystem.System.Configuration.Internal.IInternalConfigSystem.GetSection (System.String configKey) [0x00006] in <69ae0fc844ec4885bfe71bd6af3dae67>:0 
  at System.Configuration.ConfigurationManager.GetSection (System.String sectionName) [0x00005] in <69ae0fc844ec4885bfe71bd6af3dae67>:0 
  at System.Configuration.ConfigurationManager.get_AppSettings () [0x00000] in <69ae0fc844ec4885bfe71bd6af3dae67>:0 
  at log4net.Util.SystemInfo.GetAppSetting (System.String key) [0x00002] in <e1a77b5dfa0c4a1f8ba616c017f5e0b8>:0 
Mono: successfully reloaded assembly
- Completed reload, in 15.521 seconds
Platform modules already initialized, skipping
========================================================================
Worker process is ready to serve import requests
Error creating external process 'C:/Program Files/Unity/Hub/Editor/2020.3.11f1/Editor/Data/Tools/UnityShaderCompiler.exe' : Носитель защищен от записи.

Error cleaning up external process: Неверный дескриптор.

Failed to launch UnityShaderCompiler.exe shader compiler! C:/Program Files/Unity/Hub/Editor/2020.3.11f1/Editor/Data/Tools/UnityShaderCompiler.exe
Error creating external process 'C:/Program Files/Unity/Hub/Editor/2020.3.11f1/Editor/Data/Tools/UnityShaderCompiler.exe' : Носитель защищен от записи.

Error cleaning up external process: Неверный дескриптор.

Failed to launch UnityShaderCompiler.exe shader compiler! C:/Program Files/Unity/Hub/Editor/2020.3.11f1/Editor/Data/Tools/UnityShaderCompiler.exe
Error creating external process 'C:/Program Files/Unity/Hub/Editor/2020.3.11f1/Editor/Data/Tools/UnityShaderCompiler.exe' : Носитель защищен от записи.

Error cleaning up external process: Неверный дескриптор.

Failed to launch UnityShaderCompiler.exe shader compiler! C:/Program Files/Unity/Hub/Editor/2020.3.11f1/Editor/Data/Tools/UnityShaderCompiler.exe
Error creating external process 'C:/Program Files/Unity/Hub/Editor/2020.3.11f1/Editor/Data/Tools/UnityShaderCompiler.exe' : Носитель защищен от записи.

Error cleaning up external process: Неверный дескриптор.

Failed to launch UnityShaderCompiler.exe shader compiler! C:/Program Files/Unity/Hub/Editor/2020.3.11f1/Editor/Data/Tools/UnityShaderCompiler.exe
Error creating external process 'C:/Program Files/Unity/Hub/Editor/2020.3.11f1/Editor/Data/Tools/UnityShaderCompiler.exe' : Носитель защищен от записи.

Error cleaning up external process: Неверный дескриптор.

Failed to launch UnityShaderCompiler.exe shader compiler! C:/Program Files/Unity/Hub/Editor/2020.3.11f1/Editor/Data/Tools/UnityShaderCompiler.exe
Error creating external process 'C:/Program Files/Unity/Hub/Editor/2020.3.11f1/Editor/Data/Tools/UnityShaderCompiler.exe' : Носитель защищен от записи.

Error cleaning up external process: Неверный дескриптор.

Failed to launch UnityShaderCompiler.exe shader compiler! C:/Program Files/Unity/Hub/Editor/2020.3.11f1/Editor/Data/Tools/UnityShaderCompiler.exe
Error creating external process 'C:/Program Files/Unity/Hub/Editor/2020.3.11f1/Editor/Data/Tools/UnityShaderCompiler.exe' : Носитель защищен от записи.

Error cleaning up external process: Неверный дескриптор.

Failed to launch UnityShaderCompiler.exe shader compiler! C:/Program Files/Unity/Hub/Editor/2020.3.11f1/Editor/Data/Tools/UnityShaderCompiler.exe
Error creating external process 'C:/Program Files/Unity/Hub/Editor/2020.3.11f1/Editor/Data/Tools/UnityShaderCompiler.exe' : Носитель защищен от записи.

Error cleaning up external process: Неверный дескриптор.

Failed to launch UnityShaderCompiler.exe shader compiler! C:/Program Files/Unity/Hub/Editor/2020.3.11f1/Editor/Data/Tools/UnityShaderCompiler.exe
Error creating external process 'C:/Program Files/Unity/Hub/Editor/2020.3.11f1/Editor/Data/Tools/UnityShaderCompiler.exe' : Носитель защищен от записи.

Error cleaning up external process: Неверный дескриптор.

Failed to launch UnityShaderCompiler.exe shader compiler! C:/Program Files/Unity/Hub/Editor/2020.3.11f1/Editor/Data/Tools/UnityShaderCompiler.exe
Error creating external process 'C:/Program Files/Unity/Hub/Editor/2020.3.11f1/Editor/Data/Tools/UnityShaderCompiler.exe' : Носитель защищен от записи.

Error cleaning up external process: Неверный дескриптор.

Failed to launch UnityShaderCompiler.exe shader compiler! C:/Program Files/Unity/Hub/Editor/2020.3.11f1/Editor/Data/Tools/UnityShaderCompiler.exe
Shader compiler: failed to launch and initialize compiler executable, even after 10 retries

Shader compiler initialization error: Failed to launch UnityShaderCompiler.exe shader compiler! C:/Program Files/Unity/Hub/Editor/2020.3.11f1/Editor/Data/Tools/UnityShaderCompiler.exe

Fatal Error! Shader compiler initialization error: Failed to launch UnityShaderCompiler.exe shader compiler! C:/Program Files/Unity/Hub/Editor/2020.3.11f1/Editor/Data/Tools/UnityShaderCompiler.exe


Crash!!!
SymInit: Symbol-SearchPath: 'C:/Program Files/Unity/Hub/Editor/2020.3.11f1/Editor/Data/Mono;.;D:\UnityProjects\Excitebike;C:\Program Files\Unity\Hub\Editor\2020.3.11f1\Editor;C:\Windows;C:\Windows\system32;SRV*C:\websymbols*http://msdl.microsoft.com/download/symbols;', symOptions: 534, UserName: 'Gilijo'
OS-Version: 10.0.0
C:\Program Files\Unity\Hub\Editor\2020.3.11f1\Editor\Unity.exe:Unity.exe (00007FF7BA4F0000), size: 134782976 (result: 0), SymType: '-deferred-', PDB: '', fileVersion: 2020.3.11.51119
C:\Windows\SYSTEM32\ntdll.dll:ntdll.dll (00007FFBD4710000), size: 1966080 (result: 0), SymType: '-deferred-', PDB: '', fileVersion: 10.0.16299.248
C:\Windows\System32\KERNEL32.DLL:KERNEL32.DLL (00007FFBD3B00000), size: 712704 (result: 0), SymType: '-deferred-', PDB: '', fileVersion: 10.0.16299.15
C:\Windows\System32\KERNELBASE.dll:KERNELBASE.dll (00007FFBD1950000), size: 2514944 (result: 0), SymType: '-deferred-', PDB: '', fileVersion: 10.0.16299.248
C:\Windows\System32\CRYPT32.dll:CRYPT32.dll (00007FFBD0FD0000), size: 1892352 (result: 0), SymType: '-deferred-', PDB: '', fileVersion: 10.0.16299.15
C:\Windows\System32\ucrtbase.dll:ucrtbase.dll (00007FFBD0ED0000), size: 1007616 (result: 0), SymType: '-deferred-', PDB: '', fileVersion: 10.0.16299.248
C:\Windows\System32\MSASN1.dll:MSASN1.dll (00007FFBD0AF0000), size: 73728 (result: 0), SymType: '-deferred-', PDB: '', fileVersion: 10.0.16299.15
C:\Windows\System32\USER32.dll:USER32.dll (00007FFBD3970000), size: 1634304 (result: 0), SymType: '-deferred-', PDB: '', fileVersion: 10.0.16299.125
C:\Program Files\Unity\Hub\Editor\2020.3.11f1\Editor\libfbxsdk.dll:libfbxsdk.dll (00007FFBBDCA0000), size: 10215424 (result: 0), SymType: '-deferred-', PDB: '', fileVersion: 2020.2.0.0
C:\Program Files\Unity\Hub\Editor\2020.3.11f1\Editor\optix.6.0.0.dll:optix.6.0.0.dll (00007FFBC0050000), size: 208896 (result: 0), SymType: '-deferred-', PDB: '', fileVersion: 6.0.0.0
C:\Windows\System32\win32u.dll:win32u.dll (00007FFBD1BC0000), size: 131072 (result: 0), SymType: '-deferred-', PDB: '', fileVersion: 10.0.16299.15
C:\Program Files\Unity\Hub\Editor\2020.3.11f1\Editor\OpenImageDenoise.dll:OpenImageDenoise.dll (00007FFB97070000), size: 43806720 (result: 0), SymType: '-deferred-', PDB: ''
C:\Windows\System32\GDI32.dll:GDI32.dll (00007FFBD3E30000), size: 163840 (result: 0), SymType: '-deferred-', PDB: '', fileVersion: 10.0.16299.15
C:\Windows\System32\gdi32full.dll:gdi32full.dll (00007FFBD0D30000), size: 1650688 (result: 0), SymType: '-deferred-', PDB: '', fileVersion: 10.0.16299.98
C:\Windows\System32\msvcp_win.dll:msvcp_win.dll (00007FFBD0C90000), size: 634880 (result: 0), SymType: '-deferred-', PDB: '', fileVersion: 10.0.16299.248
C:\Windows\System32\ADVAPI32.dll:ADVAPI32.dll (00007FFBD3E60000), size: 659456 (result: 0), SymType: '-deferred-', PDB: '', fileVersion: 10.0.16299.192
C:\Windows\System32\msvcrt.dll:msvcrt.dll (00007FFBD40E0000), size: 643072 (result: 0), SymType: '-deferred-', PDB: '', fileVersion: 7.0.16299.125
C:\Windows\System32\sechost.dll:sechost.dll (00007FFBD4250000), size: 372736 (result: 0), SymType: '-deferred-', PDB: '', fileVersion: 10.0.16299.15
C:\Windows\System32\RPCRT4.dll:RPCRT4.dll (00007FFBD45C0000), size: 1175552 (result: 0), SymType: '-deferred-', PDB: '', fileVersion: 10.0.16299.192
C:\Program Files\Unity\Hub\Editor\2020.3.11f1\Editor\FreeImage.dll:FreeImage.dll (0000000180000000), size: 6414336 (result: 0), SymType: '-deferred-', PDB: '', fileVersion: 3.18.0.0
C:\Program Files\Unity\Hub\Editor\2020.3.11f1\Editor\umbraoptimizer64.dll:umbraoptimizer64.dll (00007FFBBDB60000), size: 1306624 (result: 0), SymType: '-deferred-', PDB: ''
C:\Windows\System32\WS2_32.dll:WS2_32.dll (00007FFBD1C70000), size: 442368 (result: 0), SymType: '-deferred-', PDB: '', fileVersion: 10.0.16299.15
C:\Windows\System32\SHELL32.dll:SHELL32.dll (00007FFBD23E0000), size: 21192704 (result: 0), SymType: '-deferred-', PDB: '', fileVersion: 10.0.16299.248
C:\Windows\System32\WLDAP32.dll:WLDAP32.dll (00007FFBD1CE0000), size: 385024 (result: 0), SymType: '-deferred-', PDB: '', fileVersion: 10.0.16299.15
C:\Windows\System32\cfgmgr32.dll:cfgmgr32.dll (00007FFBD0BC0000), size: 303104 (result: 0), SymType: '-deferred-', PDB: '', fileVersion: 10.0.16299.15
C:\Program Files\Unity\Hub\Editor\2020.3.11f1\Editor\ispc_texcomp.dll:ispc_texcomp.dll (00007FFBAF120000), size: 1609728 (result: 0), SymType: '-deferred-', PDB: ''
C:\Windows\System32\Normaliz.dll:Normaliz.dll (00007FFBD1BE0000), size: 32768 (result: 0), SymType: '-deferred-', PDB: '', fileVersion: 10.0.16299.15
C:\Program Files\Unity\Hub\Editor\2020.3.11f1\Editor\WinPixEventRuntime.dll:WinPixEventRuntime.dll (00007FFBCC060000), size: 45056 (result: 0), SymType: '-deferred-', PDB: '', fileVersion: 1.0.1812.6001
C:\Windows\System32\shcore.dll:shcore.dll (00007FFBD3BB0000), size: 679936 (result: 0), SymType: '-deferred-', PDB: '', fileVersion: 10.0.16299.15
C:\Windows\System32\combase.dll:combase.dll (00007FFBD42B0000), size: 3178496 (result: 0), SymType: '-deferred-', PDB: '', fileVersion: 10.0.16299.15
C:\Windows\System32\bcryptPrimitives.dll:bcryptPrimitives.dll (00007FFBD0C10000), size: 466944 (result: 0), SymType: '-deferred-', PDB: '', fileVersion: 10.0.16299.98
C:\Windows\System32\windows.storage.dll:windows.storage.dll (00007FFBD11A0000), size: 7630848 (result: 0), SymType: '-deferred-', PDB: '', fileVersion: 10.0.16299.248
C:\Program Files\Unity\Hub\Editor\2020.3.11f1\Editor\tbb.dll:tbb.dll (00007FFBBFA00000), size: 413696 (result: 0), SymType: '-deferred-', PDB: '', fileVersion: 2017.0.2016.1004
C:\Windows\System32\shlwapi.dll:shlwapi.dll (00007FFBD1F30000), size: 331776 (result: 0), SymType: '-deferred-', PDB: '', fileVersion: 10.0.16299.15
C:\Windows\System32\kernel.appcore.dll:kernel.appcore.dll (00007FFBD0A80000), size: 69632 (result: 0), SymType: '-deferred-', PDB: '', fileVersion: 10.0.16299.15
C:\Windows\SYSTEM32\VCRUNTIME140.dll:VCRUNTIME140.dll (00007FFBBDB40000), size: 110592 (result: 0), SymType: '-deferred-', PDB: '', fileVersion: 14.29.30037.0
C:\Windows\System32\powrprof.dll:powrprof.dll (00007FFBD0AA0000), size: 311296 (result: 0), SymType: '-deferred-', PDB: '', fileVersion: 10.0.16299.15
C:\Windows\System32\profapi.dll:profapi.dll (00007FFBD0A60000), size: 110592 (result: 0), SymType: '-deferred-', PDB: '', fileVersion: 10.0.16299.15
C:\Windows\SYSTEM32\MSVCP140.dll:MSVCP140.dll (00007FFBBCFE0000), size: 577536 (result: 0), SymType: '-deferred-', PDB: '', fileVersion: 14.29.30037.0
C:\Windows\System32\ole32.dll:ole32.dll (00007FFBD3820000), size: 1347584 (result: 0), SymType: '-deferred-', PDB: '', fileVersion: 10.0.16299.192
C:\Windows\System32\IMM32.dll:IMM32.dll (00007FFBD1E60000), size: 184320 (result: 0), SymType: '-deferred-', PDB: '', fileVersion: 10.0.16299.15
C:\Windows\System32\SETUPAPI.dll:SETUPAPI.dll (00007FFBD1F90000), size: 4513792 (result: 0), SymType: '-deferred-', PDB: '', fileVersion: 10.0.16299.248
C:\Windows\SYSTEM32\MSVCR120.dll:MSVCR120.dll (00007FFBC2770000), size: 978944 (result: 0), SymType: '-deferred-', PDB: '', fileVersion: 12.0.21005.1
C:\Windows\SYSTEM32\MSVCP120.dll:MSVCP120.dll (00007FFBC2040000), size: 679936 (result: 0), SymType: '-deferred-', PDB: '', fileVersion: 12.0.21005.1
C:\Windows\System32\OLEAUT32.dll:OLEAUT32.dll (00007FFBD4180000), size: 806912 (result: 0), SymType: '-deferred-', PDB: '', fileVersion: 10.0.16299.15
C:\Windows\System32\WINTRUST.dll:WINTRUST.dll (00007FFBD18F0000), size: 360448 (result: 0), SymType: '-deferred-', PDB: '', fileVersion: 10.0.16299.248
C:\Windows\SYSTEM32\VCRUNTIME140_1.dll:VCRUNTIME140_1.dll (00007FFBCC050000), size: 49152 (result: 0), SymType: '-deferred-', PDB: '', fileVersion: 14.29.30037.0
C:\Windows\SYSTEM32\OPENGL32.dll:OPENGL32.dll (00007FFBBC5A0000), size: 1171456 (result: 0), SymType: '-deferred-', PDB: '', fileVersion: 10.0.16299.15
C:\Windows\SYSTEM32\GLU32.dll:GLU32.dll (00007FFBBDB10000), size: 180224 (result: 0), SymType: '-deferred-', PDB: '', fileVersion: 10.0.16299.15
C:\Windows\SYSTEM32\IPHLPAPI.DLL:IPHLPAPI.DLL (00007FFBD0020000), size: 233472 (result: 0), SymType: '-deferred-', PDB: '', fileVersion: 10.0.16299.15
C:\Windows\SYSTEM32\WINMM.dll:WINMM.dll (00007FFBCEA80000), size: 143360 (result: 0), SymType: '-deferred-', PDB: '', fileVersion: 10.0.16299.15
C:\Windows\SYSTEM32\WINHTTP.dll:WINHTTP.dll (00007FFBCC5C0000), size: 909312 (result: 0), SymType: '-deferred-', PDB: '', fileVersion: 10.0.16299.192
C:\Windows\SYSTEM32\bcrypt.dll:bcrypt.dll (00007FFBD0560000), size: 151552 (result: 0), SymType: '-deferred-', PDB: '', fileVersion: 10.0.16299.125
C:\Windows\SYSTEM32\HID.DLL:HID.DLL (00007FFBCF840000), size: 49152 (result: 0), SymType: '-deferred-', PDB: '', fileVersion: 10.0.16299.15
C:\Program Files\Unity\Hub\Editor\2020.3.11f1\Editor\RadeonImageFilters.dll:RadeonImageFilters.dll (00007FFBAD420000), size: 2535424 (result: 0), SymType: '-deferred-', PDB: '', fileVersion: 1.5.1.0
C:\Program Files\Unity\Hub\Editor\2020.3.11f1\Editor\SketchUpAPI.dll:SketchUpAPI.dll (00007FFBACB90000), size: 8978432 (result: 0), SymType: '-deferred-', PDB: '', fileVersion: 19.0.753.0
C:\Windows\SYSTEM32\VERSION.dll:VERSION.dll (00007FFBCA860000), size: 40960 (result: 0), SymType: '-deferred-', PDB: '', fileVersion: 10.0.16299.15
C:\Windows\SYSTEM32\WSOCK32.dll:WSOCK32.dll (00007FFBBD3B0000), size: 36864 (result: 0), SymType: '-deferred-', PDB: '', fileVersion: 10.0.16299.15
C:\Windows\SYSTEM32\winmmbase.dll:winmmbase.dll (00007FFBCEA50000), size: 172032 (result: 0), SymType: '-deferred-', PDB: '', fileVersion: 10.0.16299.15
C:\Program Files\Unity\Hub\Editor\2020.3.11f1\Editor\SketchUpCommonPreferences.dll:SketchUpCommonPreferences.dll (00007FFBB3E70000), size: 483328 (result: 0), SymType: '-deferred-', PDB: '', fileVersion: 19.0.753.20342
C:\Windows\SYSTEM32\Secur32.dll:Secur32.dll (00007FFBC2500000), size: 49152 (result: 0), SymType: '-deferred-', PDB: '', fileVersion: 10.0.16299.15
C:\Windows\SYSTEM32\SSPICLI.DLL:SSPICLI.DLL (00007FFBD0990000), size: 196608 (result: 0), SymType: '-deferred-', PDB: '', fileVersion: 10.0.16299.192
C:\Program Files\Unity\Hub\Editor\2020.3.11f1\Editor\OpenRL.dll:OpenRL.dll (000002D0152C0000), size: 12779520 (result: 0), SymType: '-deferred-', PDB: '', fileVersion: 1.5.0.2907
C:\Windows\SYSTEM32\MSVCP100.dll:MSVCP100.dll (000000005EA30000), size: 622592 (result: 0), SymType: '-deferred-', PDB: '', fileVersion: 10.0.40219.325
C:\Windows\SYSTEM32\MSVCR100.dll:MSVCR100.dll (000000005E950000), size: 860160 (result: 0), SymType: '-deferred-', PDB: '', fileVersion: 10.0.40219.325
C:\Program Files\Unity\Hub\Editor\2020.3.11f1\Editor\embree.dll:embree.dll (00007FFB96080000), size: 16711680 (result: 0), SymType: '-deferred-', PDB: '', fileVersion: 2.14.0.0
C:\Windows\SYSTEM32\MSWSOCK.DLL:MSWSOCK.DLL (00007FFBD0290000), size: 417792 (result: 0), SymType: '-deferred-', PDB: '', fileVersion: 10.0.16299.15
C:\Program Files\Unity\Hub\Editor\2020.3.11f1\Editor\OpenRL_pthread.dll:OpenRL_pthread.dll (000002D015F10000), size: 61440 (result: 0), SymType: '-deferred-', PDB: '', fileVersion: 2.9.0.0
C:\Windows\system32\uxtheme.dll:uxtheme.dll (00007FFBCEC90000), size: 610304 (result: 0), SymType: '-deferred-', PDB: '', fileVersion: 10.0.16299.15
C:\Windows\System32\clbcatq.dll:clbcatq.dll (00007FFBD1E90000), size: 647168 (result: 0), SymType: '-deferred-', PDB: '', fileVersion: 2001.12.10941.16384
C:\Windows\System32\netprofm.dll:netprofm.dll (00007FFBCD090000), size: 237568 (result: 0), SymType: '-deferred-', PDB: '', fileVersion: 10.0.16299.15
C:\Windows\System32\npmproxy.dll:npmproxy.dll (00007FFBCB020000), size: 57344 (result: 0), SymType: '-deferred-', PDB: '', fileVersion: 10.0.16299.15
C:\Windows\System32\NSI.dll:NSI.dll (00007FFBD1D40000), size: 32768 (result: 0), SymType: '-deferred-', PDB: '', fileVersion: 10.0.16299.15
C:\Windows\SYSTEM32\dhcpcsvc6.DLL:dhcpcsvc6.DLL (00007FFBCB160000), size: 90112 (result: 0), SymType: '-deferred-', PDB: '', fileVersion: 10.0.16299.15
C:\Windows\SYSTEM32\dhcpcsvc.DLL:dhcpcsvc.DLL (00007FFBCB210000), size: 106496 (result: 0), SymType: '-deferred-', PDB: '', fileVersion: 10.0.16299.15
C:\Windows\SYSTEM32\DNSAPI.dll:DNSAPI.dll (00007FFBD0060000), size: 745472 (result: 0), SymType: '-deferred-', PDB: '', fileVersion: 10.0.16299.248
C:\Program Files\National Instruments\Shared\mDNS Responder\nimdnsNSP.dll:nimdnsNSP.dll (0000000063560000), size: 36864 (result: 0), SymType: '-deferred-', PDB: '', fileVersion: 214.3.1.49156
C:\Windows\SYSTEM32\nimdnsResponder.dll:nimdnsResponder.dll (0000000063550000), size: 57344 (result: 0), SymType: '-deferred-', PDB: '', fileVersion: 214.3.1.49156
C:\Windows\WinSxS\amd64_microsoft.vc90.crt_1fc8b3b9a1e18e3b_9.0.30729.9317_none_08e0939fa840d57b\MSVCR90.dll:MSVCR90.dll (000000005F110000), size: 667648 (result: 0), SymType: '-deferred-', PDB: '', fileVersion: 9.0.30729.9317
C:\Windows\System32\fwpuclnt.dll:fwpuclnt.dll (00007FFBC48E0000), size: 458752 (result: 0), SymType: '-deferred-', PDB: '', fileVersion: 10.0.16299.15
C:\Windows\System32\rasadhlp.dll:rasadhlp.dll (00007FFBC41C0000), size: 40960 (result: 0), SymType: '-deferred-', PDB: '', fileVersion: 10.0.16299.15
C:\Windows\SYSTEM32\d3d11.dll:d3d11.dll (00007FFBCDA70000), size: 3022848 (result: 0), SymType: '-deferred-', PDB: '', fileVersion: 10.0.16299.248
C:\Windows\SYSTEM32\dxgi.dll:dxgi.dll (00007FFBCF8D0000), size: 716800 (result: 0), SymType: '-deferred-', PDB: '', fileVersion: 10.0.16299.98
C:\Windows\SYSTEM32\nvwgf2umx.dll:nvwgf2umx.dll (00007FFBC80E0000), size: 18587648 (result: 0), SymType: '-deferred-', PDB: '', fileVersion: 21.21.13.4201
C:\Windows\System32\PSAPI.DLL:PSAPI.DLL (00007FFBD40D0000), size: 32768 (result: 0), SymType: '-deferred-', PDB: '', fileVersion: 10.0.16299.15
C:\Windows\system32\wbem\wbemprox.dll:wbemprox.dll (00007FFBC4260000), size: 61440 (result: 0), SymType: '-deferred-', PDB: '', fileVersion: 10.0.16299.15
C:\Windows\SYSTEM32\wbemcomn.dll:wbemcomn.dll (00007FFBC41D0000), size: 528384 (result: 0), SymType: '-deferred-', PDB: '', fileVersion: 10.0.16299.15
C:\Windows\system32\wbem\wbemsvc.dll:wbemsvc.dll (00007FFBC3890000), size: 81920 (result: 0), SymType: '-deferred-', PDB: '', fileVersion: 10.0.16299.15
C:\Windows\system32\wbem\fastprox.dll:fastprox.dll (00007FFBC38C0000), size: 983040 (result: 0), SymType: '-deferred-', PDB: '', fileVersion: 10.0.16299.15
C:\Program Files\Unity\Hub\Editor\2020.3.11f1\Editor\cudart64_90.dll:cudart64_90.dll (00007FFBAB610000), size: 397312 (result: 0), SymType: '-deferred-', PDB: '', fileVersion: 6.14.11.9000
C:\Windows\SYSTEM32\opencl.dll:opencl.dll (00007FFBAFF20000), size: 86016 (result: 0), SymType: '-deferred-', PDB: '', fileVersion: 1.0.0.0
C:\Program Files\Unity\Hub\Editor\2020.3.11f1\Editor\radeonrays.dll:radeonrays.dll (00007FFBAB580000), size: 552960 (result: 0), SymType: '-deferred-', PDB: ''
C:\Program Files\Unity\Hub\Editor\2020.3.11f1\Editor\Data\MonoBleedingEdge\EmbedRuntime\mono-2.0-bdwgc.dll:mono-2.0-bdwgc.dll (00007FFB95130000), size: 7790592 (result: 0), SymType: '-deferred-', PDB: ''
C:\ProgramData\Microsoft\VisualStudio\Setup\x64\Microsoft.VisualStudio.Setup.Configuration.Native.dll:Microsoft.VisualStudio.Setup.Configuration.Native.dll (00007FFBB4130000), size: 327680 (result: 0), SymType: '-deferred-', PDB: '', fileVersion: 2.7.3111.17308
C:\Windows\SYSTEM32\CRYPTSP.dll:CRYPTSP.dll (00007FFBD0460000), size: 94208 (result: 0), SymType: '-deferred-', PDB: '', fileVersion: 10.0.16299.15
C:\Windows\SYSTEM32\dbghelp.dll:dbghelp.dll (00007FFBC22B0000), size: 1867776 (result: 0), SymType: '-deferred-', PDB: '', fileVersion: 10.0.16299.15

========== OUTPUTTING STACK TRACE ==================

0x00007FFBD1964008 (KERNELBASE) RaiseException
  ERROR: SymGetSymFromAddr64, GetLastError: 'Не найден указанный модуль.' (Address: 00007FF7BCC2A46D)
0x00007FF7BCC2A46D (Unity) (function-name not available)
  ERROR: SymGetSymFromAddr64, GetLastError: 'Попытка обращения к неверному адресу.' (Address: 00007FF7BCC2B3DB)
0x00007FF7BCC2B3DB (Unity) (function-name not available)
  ERROR: SymGetSymFromAddr64, GetLastError: 'Попытка обращения к неверному адресу.' (Address: 00007FF7BE7FE89E)
0x00007FF7BE7FE89E (Unity) (function-name not available)
  ERROR: SymGetSymFromAddr64, GetLastError: 'Попытка обращения к неверному адресу.' (Address: 00007FF7BE7FDE4F)
0x00007FF7BE7FDE4F (Unity) (function-name not available)
  ERROR: SymGetSymFromAddr64, GetLastError: 'Попытка обращения к неверному адресу.' (Address: 00007FF7BD66984A)
0x00007FF7BD66984A (Unity) (function-name not available)
  ERROR: SymGetSymFromAddr64, GetLastError: 'Попытка обращения к неверному адресу.' (Address: 00007FF7BD66B438)
0x00007FF7BD66B438 (Unity) (function-name not available)
  ERROR: SymGetSymFromAddr64, GetLastError: 'Попытка обращения к неверному адресу.' (Address: 00007FF7BD66B4DE)
0x00007FF7BD66B4DE (Unity) (function-name not available)
  ERROR: SymGetSymFromAddr64, GetLastError: 'Попытка обращения к неверному адресу.' (Address: 00007FF7BBAF876F)
0x00007FF7BBAF876F (Unity) (function-name not available)
  ERROR: SymGetSymFromAddr64, GetLastError: 'Попытка обращения к неверному адресу.' (Address: 00007FF7BBAF64FD)
0x00007FF7BBAF64FD (Unity) (function-name not available)
  ERROR: SymGetSymFromAddr64, GetLastError: 'Попытка обращения к неверному адресу.' (Address: 00007FF7BCBDBDB2)
0x00007FF7BCBDBDB2 (Unity) (function-name not available)
  ERROR: SymGetSymFromAddr64, GetLastError: 'Попытка обращения к неверному адресу.' (Address: 00007FF7BBB18778)
0x00007FF7BBB18778 (Unity) (function-name not available)
  ERROR: SymGetSymFromAddr64, GetLastError: 'Попытка обращения к неверному адресу.' (Address: 00007FF7BBB1ABDF)
0x00007FF7BBB1ABDF (Unity) (function-name not available)
  ERROR: SymGetSymFromAddr64, GetLastError: 'Попытка обращения к неверному адресу.' (Address: 00007FF7BBB233DC)
0x00007FF7BBB233DC (Unity) (function-name not available)
  ERROR: SymGetSymFromAddr64, GetLastError: 'Попытка обращения к неверному адресу.' (Address: 00007FF7BE86858B)
0x00007FF7BE86858B (Unity) (function-name not available)
  ERROR: SymGetSymFromAddr64, GetLastError: 'Попытка обращения к неверному адресу.' (Address: 00007FF7BCBE57C3)
0x00007FF7BCBE57C3 (Unity) (function-name not available)
  ERROR: SymGetSymFromAddr64, GetLastError: 'Попытка обращения к неверному адресу.' (Address: 00007FF7BE86B2FE)
0x00007FF7BE86B2FE (Unity) (function-name not available)
  ERROR: SymGetSymFromAddr64, GetLastError: 'Попытка обращения к неверному адресу.' (Address: 00007FF7BD86FEE1)
0x00007FF7BD86FEE1 (Unity) (function-name not available)
  ERROR: SymGetSymFromAddr64, GetLastError: 'Попытка обращения к неверному адресу.' (Address: 00007FF7BD909522)
0x00007FF7BD909522 (Unity) (function-name not available)
  ERROR: SymGetSymFromAddr64, GetLastError: 'Попытка обращения к неверному адресу.' (Address: 00007FF7BD90B680)
0x00007FF7BD90B680 (Unity) (function-name not available)
  ERROR: SymGetSymFromAddr64, GetLastError: 'Попытка обращения к неверному адресу.' (Address: 00007FF7BD90EDE6)
0x00007FF7BD90EDE6 (Unity) (function-name not available)
  ERROR: SymGetSymFromAddr64, GetLastError: 'Попытка обращения к неверному адресу.' (Address: 00007FF7BD8924BB)
0x00007FF7BD8924BB (Unity) (function-name not available)
  ERROR: SymGetSymFromAddr64, GetLastError: 'Попытка обращения к неверному адресу.' (Address: 00007FF7BD892510)
0x00007FF7BD892510 (Unity) (function-name not available)
  ERROR: SymGetSymFromAddr64, GetLastError: 'Попытка обращения к неверному адресу.' (Address: 00007FF7BCD83536)
0x00007FF7BCD83536 (Unity) (function-name not available)
  ERROR: SymGetSymFromAddr64, GetLastError: 'Попытка обращения к неверному адресу.' (Address: 00007FF7BD706F22)
0x00007FF7BD706F22 (Unity) (function-name not available)
  ERROR: SymGetSymFromAddr64, GetLastError: 'Попытка обращения к неверному адресу.' (Address: 00007FF7BF558E86)
0x00007FF7BF558E86 (Unity) (function-name not available)
0x00007FFBD3B11FE4 (KERNEL32) BaseThreadInitThunk
0x00007FFBD477EFC1 (ntdll) RtlUserThreadStart

========== END OF STACKTRACE ===========

A crash has been intercepted by the crash handler. For call stack and other details, see the latest crash report generated in:
 * C:/Users/Gilijo/AppData/Local/Temp/Unity/Editor/Crashes
